D:\linchuan\SC12\cmgrd\knn-pipeline\Debug\cl.command.1.tlog
D:\linchuan\SC12\cmgrd\knn-pipeline\Debug\CL.read.1.tlog
D:\linchuan\SC12\cmgrd\knn-pipeline\Debug\CL.write.1.tlog
D:\LINCHUAN\SC12\CMGRD\KNN-PIPELINE\DEBUG\KNN.EXE
D:\LINCHUAN\SC12\CMGRD\KNN-PIPELINE\DEBUG\KNN.EXE.EMBED.MANIFEST
D:\LINCHUAN\SC12\CMGRD\KNN-PIPELINE\DEBUG\KNN.EXE.EMBED.MANIFEST.RES
D:\LINCHUAN\SC12\CMGRD\KNN-PIPELINE\DEBUG\KNN.EXE.INTERMEDIATE.MANIFEST
D:\LINCHUAN\SC12\CMGRD\KNN-PIPELINE\DEBUG\KNN.ILK
D:\LINCHUAN\SC12\CMGRD\KNN-PIPELINE\DEBUG\KNN.PDB
D:\linchuan\SC12\cmgrd\knn-pipeline\Debug\knn.write.1.tlog
D:\linchuan\SC12\cmgrd\knn-pipeline\Debug\knn_manifest.rc
D:\linchuan\SC12\cmgrd\knn-pipeline\Debug\link.2896.read.1.tlog
D:\linchuan\SC12\cmgrd\knn-pipeline\Debug\link.2896.write.1.tlog
D:\linchuan\SC12\cmgrd\knn-pipeline\Debug\link.2896-cvtres.read.1.tlog
D:\linchuan\SC12\cmgrd\knn-pipeline\Debug\link.2896-cvtres.write.1.tlog
D:\linchuan\SC12\cmgrd\knn-pipeline\Debug\link.command.1.tlog
D:\linchuan\SC12\cmgrd\knn-pipeline\Debug\link.read.1.tlog
D:\linchuan\SC12\cmgrd\knn-pipeline\Debug\link.write.1.tlog
D:\linchuan\SC12\cmgrd\knn-pipeline\Debug\link-cvtres.read.1.tlog
D:\linchuan\SC12\cmgrd\knn-pipeline\Debug\link-cvtres.write.1.tlog
D:\LINCHUAN\SC12\CMGRD\KNN-PIPELINE\DEBUG\MAIN.OBJ
D:\linchuan\SC12\cmgrd\knn-pipeline\Debug\mt.command.1.tlog
D:\linchuan\SC12\cmgrd\knn-pipeline\Debug\mt.read.1.tlog
D:\linchuan\SC12\cmgrd\knn-pipeline\Debug\mt.write.1.tlog
D:\linchuan\SC12\cmgrd\knn-pipeline\Debug\rc.command.1.tlog
D:\linchuan\SC12\cmgrd\knn-pipeline\Debug\rc.read.1.tlog
D:\linchuan\SC12\cmgrd\knn-pipeline\Debug\rc.write.1.tlog
D:\LINCHUAN\SC12\CMGRD\KNN-PIPELINE\DEBUG\ROG.OBJ
D:\LINCHUAN\SC12\CMGRD\KNN-PIPELINE\DEBUG\ROL.OBJ
D:\LINCHUAN\SC12\CMGRD\KNN-PIPELINE\DEBUG\SCHEDULER.OBJ
D:\LINCHUAN\SC12\CMGRD\KNN-PIPELINE\DEBUG\VC100.PDB
