D:\linchuan\Naive Bayes\nbc-pipeline\Debug\cl.command.1.tlog
D:\linchuan\Naive Bayes\nbc-pipeline\Debug\CL.read.1.tlog
D:\linchuan\Naive Bayes\nbc-pipeline\Debug\CL.write.1.tlog
D:\linchuan\Naive Bayes\nbc-pipeline\Debug\link.5680.read.1.tlog
D:\linchuan\Naive Bayes\nbc-pipeline\Debug\link.5680.write.1.tlog
D:\linchuan\Naive Bayes\nbc-pipeline\Debug\link.5680-cvtres.read.1.tlog
D:\linchuan\Naive Bayes\nbc-pipeline\Debug\link.5680-cvtres.write.1.tlog
D:\linchuan\Naive Bayes\nbc-pipeline\Debug\link.command.1.tlog
D:\linchuan\Naive Bayes\nbc-pipeline\Debug\link.read.1.tlog
D:\linchuan\Naive Bayes\nbc-pipeline\Debug\link.write.1.tlog
D:\linchuan\Naive Bayes\nbc-pipeline\Debug\link-cvtres.read.1.tlog
D:\linchuan\Naive Bayes\nbc-pipeline\Debug\link-cvtres.write.1.tlog
D:\LINCHUAN\NAIVE BAYES\NBC-PIPELINE\DEBUG\MAIN.OBJ
D:\linchuan\Naive Bayes\nbc-pipeline\Debug\mt.command.1.tlog
D:\linchuan\Naive Bayes\nbc-pipeline\Debug\mt.read.1.tlog
D:\linchuan\Naive Bayes\nbc-pipeline\Debug\mt.write.1.tlog
D:\LINCHUAN\NAIVE BAYES\NBC-PIPELINE\DEBUG\NBC.EXE
D:\LINCHUAN\NAIVE BAYES\NBC-PIPELINE\DEBUG\NBC.EXE.EMBED.MANIFEST
D:\LINCHUAN\NAIVE BAYES\NBC-PIPELINE\DEBUG\NBC.EXE.EMBED.MANIFEST.RES
D:\LINCHUAN\NAIVE BAYES\NBC-PIPELINE\DEBUG\NBC.EXE.INTERMEDIATE.MANIFEST
D:\LINCHUAN\NAIVE BAYES\NBC-PIPELINE\DEBUG\NBC.ILK
D:\LINCHUAN\NAIVE BAYES\NBC-PIPELINE\DEBUG\NBC.PDB
D:\linchuan\Naive Bayes\nbc-pipeline\Debug\nbc.write.1.tlog
D:\linchuan\Naive Bayes\nbc-pipeline\Debug\nbc_manifest.rc
D:\linchuan\Naive Bayes\nbc-pipeline\Debug\rc.command.1.tlog
D:\linchuan\Naive Bayes\nbc-pipeline\Debug\rc.read.1.tlog
D:\linchuan\Naive Bayes\nbc-pipeline\Debug\rc.write.1.tlog
D:\LINCHUAN\NAIVE BAYES\NBC-PIPELINE\DEBUG\ROG.OBJ
D:\LINCHUAN\NAIVE BAYES\NBC-PIPELINE\DEBUG\ROL.OBJ
D:\LINCHUAN\NAIVE BAYES\NBC-PIPELINE\DEBUG\SCHEDULER.OBJ
D:\LINCHUAN\NAIVE BAYES\NBC-PIPELINE\DEBUG\VC100.PDB
