D:\linchuan\auto-tuning\KMeans\km-cmgr\Debug\cl.command.1.tlog
D:\linchuan\auto-tuning\KMeans\km-cmgr\Debug\CL.read.1.tlog
D:\linchuan\auto-tuning\KMeans\km-cmgr\Debug\CL.write.1.tlog
D:\LINCHUAN\AUTO-TUNING\KMEANS\KM-CMGR\DEBUG\KM.EXE
D:\LINCHUAN\AUTO-TUNING\KMEANS\KM-CMGR\DEBUG\KM.EXE.EMBED.MANIFEST
D:\LINCHUAN\AUTO-TUNING\KMEANS\KM-CMGR\DEBUG\KM.EXE.EMBED.MANIFEST.RES
D:\LINCHUAN\AUTO-TUNING\KMEANS\KM-CMGR\DEBUG\KM.EXE.INTERMEDIATE.MANIFEST
D:\LINCHUAN\AUTO-TUNING\KMEANS\KM-CMGR\DEBUG\KM.ILK
D:\LINCHUAN\AUTO-TUNING\KMEANS\KM-CMGR\DEBUG\KM.PDB
D:\linchuan\auto-tuning\KMeans\km-cmgr\Debug\km.write.1.tlog
D:\linchuan\auto-tuning\KMeans\km-cmgr\Debug\km_manifest.rc
D:\linchuan\auto-tuning\KMeans\km-cmgr\Debug\link.2088.read.1.tlog
D:\linchuan\auto-tuning\KMeans\km-cmgr\Debug\link.2088.write.1.tlog
D:\linchuan\auto-tuning\KMeans\km-cmgr\Debug\link.2088-cvtres.read.1.tlog
D:\linchuan\auto-tuning\KMeans\km-cmgr\Debug\link.2088-cvtres.write.1.tlog
D:\linchuan\auto-tuning\KMeans\km-cmgr\Debug\link.command.1.tlog
D:\linchuan\auto-tuning\KMeans\km-cmgr\Debug\link.read.1.tlog
D:\linchuan\auto-tuning\KMeans\km-cmgr\Debug\link.write.1.tlog
D:\linchuan\auto-tuning\KMeans\km-cmgr\Debug\link-cvtres.read.1.tlog
D:\linchuan\auto-tuning\KMeans\km-cmgr\Debug\link-cvtres.write.1.tlog
D:\LINCHUAN\AUTO-TUNING\KMEANS\KM-CMGR\DEBUG\MAIN.OBJ
D:\linchuan\auto-tuning\KMeans\km-cmgr\Debug\mt.command.1.tlog
D:\linchuan\auto-tuning\KMeans\km-cmgr\Debug\mt.read.1.tlog
D:\linchuan\auto-tuning\KMeans\km-cmgr\Debug\mt.write.1.tlog
D:\linchuan\auto-tuning\KMeans\km-cmgr\Debug\rc.command.1.tlog
D:\linchuan\auto-tuning\KMeans\km-cmgr\Debug\rc.read.1.tlog
D:\linchuan\auto-tuning\KMeans\km-cmgr\Debug\rc.write.1.tlog
D:\LINCHUAN\AUTO-TUNING\KMEANS\KM-CMGR\DEBUG\ROG.OBJ
D:\LINCHUAN\AUTO-TUNING\KMEANS\KM-CMGR\DEBUG\ROL.OBJ
D:\LINCHUAN\AUTO-TUNING\KMEANS\KM-CMGR\DEBUG\SCHEDULER.OBJ
D:\LINCHUAN\AUTO-TUNING\KMEANS\KM-CMGR\DEBUG\VC100.PDB
