D:\linchuan\auto-tuning\KNN\knn_factoring\Debug\cl.command.1.tlog
D:\linchuan\auto-tuning\KNN\knn_factoring\Debug\CL.read.1.tlog
D:\linchuan\auto-tuning\KNN\knn_factoring\Debug\CL.write.1.tlog
D:\LINCHUAN\AUTO-TUNING\KNN\KNN_FACTORING\DEBUG\KNN-CG.EXE
D:\LINCHUAN\AUTO-TUNING\KNN\KNN_FACTORING\DEBUG\KNN-CG.EXE.EMBED.MANIFEST
D:\LINCHUAN\AUTO-TUNING\KNN\KNN_FACTORING\DEBUG\KNN-CG.EXE.EMBED.MANIFEST.RES
D:\LINCHUAN\AUTO-TUNING\KNN\KNN_FACTORING\DEBUG\KNN-CG.EXE.INTERMEDIATE.MANIFEST
D:\LINCHUAN\AUTO-TUNING\KNN\KNN_FACTORING\DEBUG\KNN-CG.ILK
D:\LINCHUAN\AUTO-TUNING\KNN\KNN_FACTORING\DEBUG\KNN-CG.PDB
D:\linchuan\auto-tuning\KNN\knn_factoring\Debug\knn-cg.write.1.tlog
D:\linchuan\auto-tuning\KNN\knn_factoring\Debug\knn-cg_manifest.rc
D:\linchuan\auto-tuning\KNN\knn_factoring\Debug\link.4824.read.1.tlog
D:\linchuan\auto-tuning\KNN\knn_factoring\Debug\link.4824.write.1.tlog
D:\linchuan\auto-tuning\KNN\knn_factoring\Debug\link.4824-cvtres.read.1.tlog
D:\linchuan\auto-tuning\KNN\knn_factoring\Debug\link.4824-cvtres.write.1.tlog
D:\linchuan\auto-tuning\KNN\knn_factoring\Debug\link.command.1.tlog
D:\linchuan\auto-tuning\KNN\knn_factoring\Debug\link.read.1.tlog
D:\linchuan\auto-tuning\KNN\knn_factoring\Debug\link.write.1.tlog
D:\linchuan\auto-tuning\KNN\knn_factoring\Debug\link-cvtres.read.1.tlog
D:\linchuan\auto-tuning\KNN\knn_factoring\Debug\link-cvtres.write.1.tlog
D:\LINCHUAN\AUTO-TUNING\KNN\KNN_FACTORING\DEBUG\MAIN.OBJ
D:\linchuan\auto-tuning\KNN\knn_factoring\Debug\mt.command.1.tlog
D:\linchuan\auto-tuning\KNN\knn_factoring\Debug\mt.read.1.tlog
D:\linchuan\auto-tuning\KNN\knn_factoring\Debug\mt.write.1.tlog
D:\linchuan\auto-tuning\KNN\knn_factoring\Debug\rc.command.1.tlog
D:\linchuan\auto-tuning\KNN\knn_factoring\Debug\rc.read.1.tlog
D:\linchuan\auto-tuning\KNN\knn_factoring\Debug\rc.write.1.tlog
D:\LINCHUAN\AUTO-TUNING\KNN\KNN_FACTORING\DEBUG\ROG.OBJ
D:\LINCHUAN\AUTO-TUNING\KNN\KNN_FACTORING\DEBUG\ROL.OBJ
D:\LINCHUAN\AUTO-TUNING\KNN\KNN_FACTORING\DEBUG\SCHEDULER.OBJ
D:\LINCHUAN\AUTO-TUNING\KNN\KNN_FACTORING\DEBUG\VC100.PDB
