D:\linchuan\Naive Bayes\nbc_factoring\Debug\cl.command.1.tlog
D:\linchuan\Naive Bayes\nbc_factoring\Debug\CL.read.1.tlog
D:\linchuan\Naive Bayes\nbc_factoring\Debug\CL.write.1.tlog
D:\linchuan\Naive Bayes\nbc_factoring\Debug\link.2328.read.1.tlog
D:\linchuan\Naive Bayes\nbc_factoring\Debug\link.2328.write.1.tlog
D:\linchuan\Naive Bayes\nbc_factoring\Debug\link.2328-cvtres.read.1.tlog
D:\linchuan\Naive Bayes\nbc_factoring\Debug\link.2328-cvtres.write.1.tlog
D:\linchuan\Naive Bayes\nbc_factoring\Debug\link.command.1.tlog
D:\linchuan\Naive Bayes\nbc_factoring\Debug\link.read.1.tlog
D:\linchuan\Naive Bayes\nbc_factoring\Debug\link.write.1.tlog
D:\linchuan\Naive Bayes\nbc_factoring\Debug\link-cvtres.read.1.tlog
D:\linchuan\Naive Bayes\nbc_factoring\Debug\link-cvtres.write.1.tlog
D:\LINCHUAN\NAIVE BAYES\NBC_FACTORING\DEBUG\MAIN.OBJ
D:\linchuan\Naive Bayes\nbc_factoring\Debug\mt.command.1.tlog
D:\linchuan\Naive Bayes\nbc_factoring\Debug\mt.read.1.tlog
D:\linchuan\Naive Bayes\nbc_factoring\Debug\mt.write.1.tlog
D:\LINCHUAN\NAIVE BAYES\NBC_FACTORING\DEBUG\NBC-CG.EXE
D:\LINCHUAN\NAIVE BAYES\NBC_FACTORING\DEBUG\NBC-CG.EXE.EMBED.MANIFEST
D:\LINCHUAN\NAIVE BAYES\NBC_FACTORING\DEBUG\NBC-CG.EXE.EMBED.MANIFEST.RES
D:\LINCHUAN\NAIVE BAYES\NBC_FACTORING\DEBUG\NBC-CG.EXE.INTERMEDIATE.MANIFEST
D:\LINCHUAN\NAIVE BAYES\NBC_FACTORING\DEBUG\NBC-CG.ILK
D:\LINCHUAN\NAIVE BAYES\NBC_FACTORING\DEBUG\NBC-CG.PDB
D:\linchuan\Naive Bayes\nbc_factoring\Debug\nbc-cg.write.1.tlog
D:\linchuan\Naive Bayes\nbc_factoring\Debug\nbc-cg_manifest.rc
D:\linchuan\Naive Bayes\nbc_factoring\Debug\rc.command.1.tlog
D:\linchuan\Naive Bayes\nbc_factoring\Debug\rc.read.1.tlog
D:\linchuan\Naive Bayes\nbc_factoring\Debug\rc.write.1.tlog
D:\LINCHUAN\NAIVE BAYES\NBC_FACTORING\DEBUG\ROG.OBJ
D:\LINCHUAN\NAIVE BAYES\NBC_FACTORING\DEBUG\ROL.OBJ
D:\LINCHUAN\NAIVE BAYES\NBC_FACTORING\DEBUG\SCHEDULER.OBJ
D:\LINCHUAN\NAIVE BAYES\NBC_FACTORING\DEBUG\VC100.PDB
