D:\LINCHUAN\APPLICATIONS\NAIVE BAYES\NBC-PIPELINE\DEBUG\MAIN.OBJ
D:\LINCHUAN\APPLICATIONS\NAIVE BAYES\NBC-PIPELINE\DEBUG\NBC.EXE
D:\LINCHUAN\APPLICATIONS\NAIVE BAYES\NBC-PIPELINE\DEBUG\NBC.EXE.EMBED.MANIFEST
D:\LINCHUAN\APPLICATIONS\NAIVE BAYES\NBC-PIPELINE\DEBUG\NBC.EXE.EMBED.MANIFEST.RES
D:\LINCHUAN\APPLICATIONS\NAIVE BAYES\NBC-PIPELINE\DEBUG\NBC.EXE.INTERMEDIATE.MANIFEST
D:\LINCHUAN\APPLICATIONS\NAIVE BAYES\NBC-PIPELINE\DEBUG\NBC.ILK
D:\LINCHUAN\APPLICATIONS\NAIVE BAYES\NBC-PIPELINE\DEBUG\NBC.PDB
D:\LINCHUAN\APPLICATIONS\NAIVE BAYES\NBC-PIPELINE\DEBUG\ROG.OBJ
D:\LINCHUAN\APPLICATIONS\NAIVE BAYES\NBC-PIPELINE\DEBUG\ROL.OBJ
D:\LINCHUAN\APPLICATIONS\NAIVE BAYES\NBC-PIPELINE\DEBUG\SCHEDULER.OBJ
D:\LINCHUAN\APPLICATIONS\NAIVE BAYES\NBC-PIPELINE\DEBUG\VC100.PDB
D:\linchuan\SC12\cmgrd\nbc-pipeline\Debug\cl.command.1.tlog
D:\linchuan\SC12\cmgrd\nbc-pipeline\Debug\CL.read.1.tlog
D:\linchuan\SC12\cmgrd\nbc-pipeline\Debug\CL.write.1.tlog
D:\linchuan\SC12\cmgrd\nbc-pipeline\Debug\link.540.read.1.tlog
D:\linchuan\SC12\cmgrd\nbc-pipeline\Debug\link.540.write.1.tlog
D:\linchuan\SC12\cmgrd\nbc-pipeline\Debug\link.540-cvtres.read.1.tlog
D:\linchuan\SC12\cmgrd\nbc-pipeline\Debug\link.540-cvtres.write.1.tlog
D:\linchuan\SC12\cmgrd\nbc-pipeline\Debug\link.command.1.tlog
D:\linchuan\SC12\cmgrd\nbc-pipeline\Debug\link.read.1.tlog
D:\linchuan\SC12\cmgrd\nbc-pipeline\Debug\link.write.1.tlog
D:\linchuan\SC12\cmgrd\nbc-pipeline\Debug\link-cvtres.read.1.tlog
D:\linchuan\SC12\cmgrd\nbc-pipeline\Debug\link-cvtres.write.1.tlog
D:\linchuan\SC12\cmgrd\nbc-pipeline\Debug\main.obj
D:\linchuan\SC12\cmgrd\nbc-pipeline\Debug\mt.command.1.tlog
D:\linchuan\SC12\cmgrd\nbc-pipeline\Debug\mt.read.1.tlog
D:\linchuan\SC12\cmgrd\nbc-pipeline\Debug\mt.write.1.tlog
D:\linchuan\SC12\cmgrd\nbc-pipeline\Debug\nbc.exe
D:\linchuan\SC12\cmgrd\nbc-pipeline\Debug\nbc.exe.embed.manifest
D:\linchuan\SC12\cmgrd\nbc-pipeline\Debug\nbc.exe.embed.manifest.res
D:\linchuan\SC12\cmgrd\nbc-pipeline\Debug\nbc.exe.intermediate.manifest
D:\linchuan\SC12\cmgrd\nbc-pipeline\Debug\nbc.ilk
D:\linchuan\SC12\cmgrd\nbc-pipeline\Debug\nbc.pdb
D:\linchuan\SC12\cmgrd\nbc-pipeline\Debug\nbc.write.1.tlog
D:\linchuan\SC12\cmgrd\nbc-pipeline\Debug\nbc_manifest.rc
D:\linchuan\SC12\cmgrd\nbc-pipeline\Debug\rc.command.1.tlog
D:\linchuan\SC12\cmgrd\nbc-pipeline\Debug\rc.read.1.tlog
D:\linchuan\SC12\cmgrd\nbc-pipeline\Debug\rc.write.1.tlog
D:\linchuan\SC12\cmgrd\nbc-pipeline\Debug\rog.obj
D:\linchuan\SC12\cmgrd\nbc-pipeline\Debug\rol.obj
D:\linchuan\SC12\cmgrd\nbc-pipeline\Debug\scheduler.obj
D:\linchuan\SC12\cmgrd\nbc-pipeline\Debug\vc100.pdb
