D:\linchuan\Word Count\wc-cmgr\Debug\cl.command.1.tlog
D:\linchuan\Word Count\wc-cmgr\Debug\CL.read.1.tlog
D:\linchuan\Word Count\wc-cmgr\Debug\CL.write.1.tlog
D:\LINCHUAN\WORD COUNT\WC-CMGR\DEBUG\KM.EXE
D:\LINCHUAN\WORD COUNT\WC-CMGR\DEBUG\KM.EXE.EMBED.MANIFEST
D:\LINCHUAN\WORD COUNT\WC-CMGR\DEBUG\KM.EXE.EMBED.MANIFEST.RES
D:\LINCHUAN\WORD COUNT\WC-CMGR\DEBUG\KM.EXE.INTERMEDIATE.MANIFEST
D:\LINCHUAN\WORD COUNT\WC-CMGR\DEBUG\KM.ILK
D:\LINCHUAN\WORD COUNT\WC-CMGR\DEBUG\KM.PDB
D:\linchuan\Word Count\wc-cmgr\Debug\km.write.1.tlog
D:\linchuan\Word Count\wc-cmgr\Debug\km_manifest.rc
D:\linchuan\Word Count\wc-cmgr\Debug\link.1836.read.1.tlog
D:\linchuan\Word Count\wc-cmgr\Debug\link.1836.write.1.tlog
D:\linchuan\Word Count\wc-cmgr\Debug\link.1836-cvtres.read.1.tlog
D:\linchuan\Word Count\wc-cmgr\Debug\link.1836-cvtres.write.1.tlog
D:\linchuan\Word Count\wc-cmgr\Debug\link.command.1.tlog
D:\linchuan\Word Count\wc-cmgr\Debug\link.read.1.tlog
D:\linchuan\Word Count\wc-cmgr\Debug\link.write.1.tlog
D:\linchuan\Word Count\wc-cmgr\Debug\link-cvtres.read.1.tlog
D:\linchuan\Word Count\wc-cmgr\Debug\link-cvtres.write.1.tlog
D:\LINCHUAN\WORD COUNT\WC-CMGR\DEBUG\MAIN.OBJ
D:\linchuan\Word Count\wc-cmgr\Debug\mt.command.1.tlog
D:\linchuan\Word Count\wc-cmgr\Debug\mt.read.1.tlog
D:\linchuan\Word Count\wc-cmgr\Debug\mt.write.1.tlog
D:\linchuan\Word Count\wc-cmgr\Debug\rc.command.1.tlog
D:\linchuan\Word Count\wc-cmgr\Debug\rc.read.1.tlog
D:\linchuan\Word Count\wc-cmgr\Debug\rc.write.1.tlog
D:\LINCHUAN\WORD COUNT\WC-CMGR\DEBUG\ROG.OBJ
D:\LINCHUAN\WORD COUNT\WC-CMGR\DEBUG\ROL.OBJ
D:\LINCHUAN\WORD COUNT\WC-CMGR\DEBUG\SCHEDULER.OBJ
D:\LINCHUAN\WORD COUNT\WC-CMGR\DEBUG\VC100.PDB
