D:\linchuan\SC12\static-pipelining\nbc\Debug\cl.command.1.tlog
D:\linchuan\SC12\static-pipelining\nbc\Debug\CL.read.1.tlog
D:\linchuan\SC12\static-pipelining\nbc\Debug\CL.write.1.tlog
D:\linchuan\SC12\static-pipelining\nbc\Debug\link.4172.read.1.tlog
D:\linchuan\SC12\static-pipelining\nbc\Debug\link.4172.write.1.tlog
D:\linchuan\SC12\static-pipelining\nbc\Debug\link.4172-cvtres.read.1.tlog
D:\linchuan\SC12\static-pipelining\nbc\Debug\link.4172-cvtres.write.1.tlog
D:\linchuan\SC12\static-pipelining\nbc\Debug\link.command.1.tlog
D:\linchuan\SC12\static-pipelining\nbc\Debug\link.read.1.tlog
D:\linchuan\SC12\static-pipelining\nbc\Debug\link.write.1.tlog
D:\linchuan\SC12\static-pipelining\nbc\Debug\link-cvtres.read.1.tlog
D:\linchuan\SC12\static-pipelining\nbc\Debug\link-cvtres.write.1.tlog
D:\LINCHUAN\SC12\STATIC-PIPELINING\NBC\DEBUG\MAIN.OBJ
D:\linchuan\SC12\static-pipelining\nbc\Debug\mt.command.1.tlog
D:\linchuan\SC12\static-pipelining\nbc\Debug\mt.read.1.tlog
D:\linchuan\SC12\static-pipelining\nbc\Debug\mt.write.1.tlog
D:\LINCHUAN\SC12\STATIC-PIPELINING\NBC\DEBUG\NBC.EXE
D:\LINCHUAN\SC12\STATIC-PIPELINING\NBC\DEBUG\NBC.EXE.EMBED.MANIFEST
D:\LINCHUAN\SC12\STATIC-PIPELINING\NBC\DEBUG\NBC.EXE.EMBED.MANIFEST.RES
D:\LINCHUAN\SC12\STATIC-PIPELINING\NBC\DEBUG\NBC.EXE.INTERMEDIATE.MANIFEST
D:\LINCHUAN\SC12\STATIC-PIPELINING\NBC\DEBUG\NBC.ILK
D:\LINCHUAN\SC12\STATIC-PIPELINING\NBC\DEBUG\NBC.PDB
D:\linchuan\SC12\static-pipelining\nbc\Debug\nbc.write.1.tlog
D:\linchuan\SC12\static-pipelining\nbc\Debug\nbc_manifest.rc
D:\linchuan\SC12\static-pipelining\nbc\Debug\rc.command.1.tlog
D:\linchuan\SC12\static-pipelining\nbc\Debug\rc.read.1.tlog
D:\linchuan\SC12\static-pipelining\nbc\Debug\rc.write.1.tlog
D:\LINCHUAN\SC12\STATIC-PIPELINING\NBC\DEBUG\ROG.OBJ
D:\LINCHUAN\SC12\STATIC-PIPELINING\NBC\DEBUG\ROL.OBJ
D:\LINCHUAN\SC12\STATIC-PIPELINING\NBC\DEBUG\SCHEDULER.OBJ
D:\LINCHUAN\SC12\STATIC-PIPELINING\NBC\DEBUG\VC100.PDB
