D:\linchuan\auto-tuning\Word Count\wc-pipeline1\Debug\cl.command.1.tlog
D:\linchuan\auto-tuning\Word Count\wc-pipeline1\Debug\CL.read.1.tlog
D:\linchuan\auto-tuning\Word Count\wc-pipeline1\Debug\CL.write.1.tlog
D:\linchuan\auto-tuning\Word Count\wc-pipeline1\Debug\link.4984.read.1.tlog
D:\linchuan\auto-tuning\Word Count\wc-pipeline1\Debug\link.4984.write.1.tlog
D:\linchuan\auto-tuning\Word Count\wc-pipeline1\Debug\link.4984-cvtres.read.1.tlog
D:\linchuan\auto-tuning\Word Count\wc-pipeline1\Debug\link.4984-cvtres.write.1.tlog
D:\linchuan\auto-tuning\Word Count\wc-pipeline1\Debug\link.command.1.tlog
D:\linchuan\auto-tuning\Word Count\wc-pipeline1\Debug\link.read.1.tlog
D:\linchuan\auto-tuning\Word Count\wc-pipeline1\Debug\link.write.1.tlog
D:\linchuan\auto-tuning\Word Count\wc-pipeline1\Debug\link-cvtres.read.1.tlog
D:\linchuan\auto-tuning\Word Count\wc-pipeline1\Debug\link-cvtres.write.1.tlog
D:\LINCHUAN\AUTO-TUNING\WORD COUNT\WC-PIPELINE1\DEBUG\MAIN.OBJ
D:\linchuan\auto-tuning\Word Count\wc-pipeline1\Debug\mt.command.1.tlog
D:\linchuan\auto-tuning\Word Count\wc-pipeline1\Debug\mt.read.1.tlog
D:\linchuan\auto-tuning\Word Count\wc-pipeline1\Debug\mt.write.1.tlog
D:\linchuan\auto-tuning\Word Count\wc-pipeline1\Debug\rc.command.1.tlog
D:\linchuan\auto-tuning\Word Count\wc-pipeline1\Debug\rc.read.1.tlog
D:\linchuan\auto-tuning\Word Count\wc-pipeline1\Debug\rc.write.1.tlog
D:\LINCHUAN\AUTO-TUNING\WORD COUNT\WC-PIPELINE1\DEBUG\ROG.OBJ
D:\LINCHUAN\AUTO-TUNING\WORD COUNT\WC-PIPELINE1\DEBUG\ROL.OBJ
D:\LINCHUAN\AUTO-TUNING\WORD COUNT\WC-PIPELINE1\DEBUG\SCHEDULER.OBJ
D:\LINCHUAN\AUTO-TUNING\WORD COUNT\WC-PIPELINE1\DEBUG\VC100.PDB
D:\LINCHUAN\AUTO-TUNING\WORD COUNT\WC-PIPELINE1\DEBUG\WC.EXE
D:\LINCHUAN\AUTO-TUNING\WORD COUNT\WC-PIPELINE1\DEBUG\WC.EXE.EMBED.MANIFEST
D:\LINCHUAN\AUTO-TUNING\WORD COUNT\WC-PIPELINE1\DEBUG\WC.EXE.EMBED.MANIFEST.RES
D:\LINCHUAN\AUTO-TUNING\WORD COUNT\WC-PIPELINE1\DEBUG\WC.EXE.INTERMEDIATE.MANIFEST
D:\LINCHUAN\AUTO-TUNING\WORD COUNT\WC-PIPELINE1\DEBUG\WC.ILK
D:\LINCHUAN\AUTO-TUNING\WORD COUNT\WC-PIPELINE1\DEBUG\WC.PDB
D:\linchuan\auto-tuning\Word Count\wc-pipeline1\Debug\wc.write.1.tlog
D:\linchuan\auto-tuning\Word Count\wc-pipeline1\Debug\wc_manifest.rc
