D:\linchuan\applications\Naive Bayes\nbc_factoring\Debug\cl.command.1.tlog
D:\linchuan\applications\Naive Bayes\nbc_factoring\Debug\CL.read.1.tlog
D:\linchuan\applications\Naive Bayes\nbc_factoring\Debug\CL.write.1.tlog
D:\linchuan\applications\Naive Bayes\nbc_factoring\Debug\link.5108.read.1.tlog
D:\linchuan\applications\Naive Bayes\nbc_factoring\Debug\link.5108.write.1.tlog
D:\linchuan\applications\Naive Bayes\nbc_factoring\Debug\link.5108-cvtres.read.1.tlog
D:\linchuan\applications\Naive Bayes\nbc_factoring\Debug\link.5108-cvtres.write.1.tlog
D:\linchuan\applications\Naive Bayes\nbc_factoring\Debug\link.command.1.tlog
D:\linchuan\applications\Naive Bayes\nbc_factoring\Debug\link.read.1.tlog
D:\linchuan\applications\Naive Bayes\nbc_factoring\Debug\link.write.1.tlog
D:\linchuan\applications\Naive Bayes\nbc_factoring\Debug\link-cvtres.read.1.tlog
D:\linchuan\applications\Naive Bayes\nbc_factoring\Debug\link-cvtres.write.1.tlog
D:\LINCHUAN\APPLICATIONS\NAIVE BAYES\NBC_FACTORING\DEBUG\MAIN.OBJ
D:\linchuan\applications\Naive Bayes\nbc_factoring\Debug\mt.command.1.tlog
D:\linchuan\applications\Naive Bayes\nbc_factoring\Debug\mt.read.1.tlog
D:\linchuan\applications\Naive Bayes\nbc_factoring\Debug\mt.write.1.tlog
D:\LINCHUAN\APPLICATIONS\NAIVE BAYES\NBC_FACTORING\DEBUG\NBC.EXE
D:\LINCHUAN\APPLICATIONS\NAIVE BAYES\NBC_FACTORING\DEBUG\NBC.EXE.EMBED.MANIFEST
D:\LINCHUAN\APPLICATIONS\NAIVE BAYES\NBC_FACTORING\DEBUG\NBC.EXE.EMBED.MANIFEST.RES
D:\LINCHUAN\APPLICATIONS\NAIVE BAYES\NBC_FACTORING\DEBUG\NBC.EXE.INTERMEDIATE.MANIFEST
D:\LINCHUAN\APPLICATIONS\NAIVE BAYES\NBC_FACTORING\DEBUG\NBC.ILK
D:\LINCHUAN\APPLICATIONS\NAIVE BAYES\NBC_FACTORING\DEBUG\NBC.PDB
D:\linchuan\applications\Naive Bayes\nbc_factoring\Debug\nbc.write.1.tlog
D:\linchuan\applications\Naive Bayes\nbc_factoring\Debug\nbc_manifest.rc
D:\linchuan\applications\Naive Bayes\nbc_factoring\Debug\rc.command.1.tlog
D:\linchuan\applications\Naive Bayes\nbc_factoring\Debug\rc.read.1.tlog
D:\linchuan\applications\Naive Bayes\nbc_factoring\Debug\rc.write.1.tlog
D:\LINCHUAN\APPLICATIONS\NAIVE BAYES\NBC_FACTORING\DEBUG\ROG.OBJ
D:\LINCHUAN\APPLICATIONS\NAIVE BAYES\NBC_FACTORING\DEBUG\ROL.OBJ
D:\LINCHUAN\APPLICATIONS\NAIVE BAYES\NBC_FACTORING\DEBUG\SCHEDULER.OBJ
D:\LINCHUAN\APPLICATIONS\NAIVE BAYES\NBC_FACTORING\DEBUG\VC100.PDB
