D:\linchuan\km_factoring\Debug\cl.command.1.tlog
D:\linchuan\km_factoring\Debug\CL.read.1.tlog
D:\linchuan\km_factoring\Debug\CL.write.1.tlog
D:\LINCHUAN\KM_FACTORING\DEBUG\KM.EXE
D:\LINCHUAN\KM_FACTORING\DEBUG\KM.EXE.EMBED.MANIFEST
D:\LINCHUAN\KM_FACTORING\DEBUG\KM.EXE.EMBED.MANIFEST.RES
D:\LINCHUAN\KM_FACTORING\DEBUG\KM.EXE.INTERMEDIATE.MANIFEST
D:\LINCHUAN\KM_FACTORING\DEBUG\KM.ILK
D:\LINCHUAN\KM_FACTORING\DEBUG\KM.PDB
D:\linchuan\km_factoring\Debug\km.write.1.tlog
D:\linchuan\km_factoring\Debug\km_manifest.rc
D:\linchuan\km_factoring\Debug\link.4576.read.1.tlog
D:\linchuan\km_factoring\Debug\link.4576.write.1.tlog
D:\linchuan\km_factoring\Debug\link.4576-cvtres.read.1.tlog
D:\linchuan\km_factoring\Debug\link.4576-cvtres.write.1.tlog
D:\linchuan\km_factoring\Debug\link.command.1.tlog
D:\linchuan\km_factoring\Debug\link.read.1.tlog
D:\linchuan\km_factoring\Debug\link.write.1.tlog
D:\linchuan\km_factoring\Debug\link-cvtres.read.1.tlog
D:\linchuan\km_factoring\Debug\link-cvtres.write.1.tlog
D:\LINCHUAN\KM_FACTORING\DEBUG\MAIN.OBJ
D:\linchuan\km_factoring\Debug\mt.command.1.tlog
D:\linchuan\km_factoring\Debug\mt.read.1.tlog
D:\linchuan\km_factoring\Debug\mt.write.1.tlog
D:\linchuan\km_factoring\Debug\rc.command.1.tlog
D:\linchuan\km_factoring\Debug\rc.read.1.tlog
D:\linchuan\km_factoring\Debug\rc.write.1.tlog
D:\LINCHUAN\KM_FACTORING\DEBUG\ROG.OBJ
D:\LINCHUAN\KM_FACTORING\DEBUG\ROL.OBJ
D:\LINCHUAN\KM_FACTORING\DEBUG\SCHEDULER.OBJ
D:\LINCHUAN\KM_FACTORING\DEBUG\VC100.PDB
