D:\linchuan\applications\Word Count\wc_factoring\Debug\cl.command.1.tlog
D:\linchuan\applications\Word Count\wc_factoring\Debug\CL.read.1.tlog
D:\linchuan\applications\Word Count\wc_factoring\Debug\CL.write.1.tlog
D:\linchuan\applications\Word Count\wc_factoring\Debug\link.3636.read.1.tlog
D:\linchuan\applications\Word Count\wc_factoring\Debug\link.3636.write.1.tlog
D:\linchuan\applications\Word Count\wc_factoring\Debug\link.3636-cvtres.read.1.tlog
D:\linchuan\applications\Word Count\wc_factoring\Debug\link.3636-cvtres.write.1.tlog
D:\linchuan\applications\Word Count\wc_factoring\Debug\link.command.1.tlog
D:\linchuan\applications\Word Count\wc_factoring\Debug\link.read.1.tlog
D:\linchuan\applications\Word Count\wc_factoring\Debug\link.write.1.tlog
D:\linchuan\applications\Word Count\wc_factoring\Debug\link-cvtres.read.1.tlog
D:\linchuan\applications\Word Count\wc_factoring\Debug\link-cvtres.write.1.tlog
D:\LINCHUAN\APPLICATIONS\WORD COUNT\WC_FACTORING\DEBUG\MAIN.OBJ
D:\linchuan\applications\Word Count\wc_factoring\Debug\mt.command.1.tlog
D:\linchuan\applications\Word Count\wc_factoring\Debug\mt.read.1.tlog
D:\linchuan\applications\Word Count\wc_factoring\Debug\mt.write.1.tlog
D:\linchuan\applications\Word Count\wc_factoring\Debug\rc.command.1.tlog
D:\linchuan\applications\Word Count\wc_factoring\Debug\rc.read.1.tlog
D:\linchuan\applications\Word Count\wc_factoring\Debug\rc.write.1.tlog
D:\LINCHUAN\APPLICATIONS\WORD COUNT\WC_FACTORING\DEBUG\ROG.OBJ
D:\LINCHUAN\APPLICATIONS\WORD COUNT\WC_FACTORING\DEBUG\ROL.OBJ
D:\LINCHUAN\APPLICATIONS\WORD COUNT\WC_FACTORING\DEBUG\SCHEDULER.OBJ
D:\LINCHUAN\APPLICATIONS\WORD COUNT\WC_FACTORING\DEBUG\VC100.PDB
D:\LINCHUAN\APPLICATIONS\WORD COUNT\WC_FACTORING\DEBUG\WC.EXE
D:\LINCHUAN\APPLICATIONS\WORD COUNT\WC_FACTORING\DEBUG\WC.EXE.EMBED.MANIFEST
D:\LINCHUAN\APPLICATIONS\WORD COUNT\WC_FACTORING\DEBUG\WC.EXE.EMBED.MANIFEST.RES
D:\LINCHUAN\APPLICATIONS\WORD COUNT\WC_FACTORING\DEBUG\WC.EXE.INTERMEDIATE.MANIFEST
D:\LINCHUAN\APPLICATIONS\WORD COUNT\WC_FACTORING\DEBUG\WC.ILK
D:\LINCHUAN\APPLICATIONS\WORD COUNT\WC_FACTORING\DEBUG\WC.PDB
D:\linchuan\applications\Word Count\wc_factoring\Debug\wc.write.1.tlog
D:\linchuan\applications\Word Count\wc_factoring\Debug\wc_manifest.rc
