D:\LINCHUAN\APPLICATIONS\KMEANS\KM-CMGR\DEBUG\KM.EXE
D:\LINCHUAN\APPLICATIONS\KMEANS\KM-CMGR\DEBUG\KM.EXE.EMBED.MANIFEST
D:\LINCHUAN\APPLICATIONS\KMEANS\KM-CMGR\DEBUG\KM.EXE.EMBED.MANIFEST.RES
D:\LINCHUAN\APPLICATIONS\KMEANS\KM-CMGR\DEBUG\KM.EXE.INTERMEDIATE.MANIFEST
D:\LINCHUAN\APPLICATIONS\KMEANS\KM-CMGR\DEBUG\KM.ILK
D:\LINCHUAN\APPLICATIONS\KMEANS\KM-CMGR\DEBUG\KM.PDB
D:\LINCHUAN\APPLICATIONS\KMEANS\KM-CMGR\DEBUG\MAIN.OBJ
D:\LINCHUAN\APPLICATIONS\KMEANS\KM-CMGR\DEBUG\ROG.OBJ
D:\LINCHUAN\APPLICATIONS\KMEANS\KM-CMGR\DEBUG\ROL.OBJ
D:\LINCHUAN\APPLICATIONS\KMEANS\KM-CMGR\DEBUG\SCHEDULER.OBJ
D:\LINCHUAN\APPLICATIONS\KMEANS\KM-CMGR\DEBUG\VC100.PDB
D:\linchuan\SC12\cmgrd\km-cmgr\Debug\cl.command.1.tlog
D:\linchuan\SC12\cmgrd\km-cmgr\Debug\CL.read.1.tlog
D:\linchuan\SC12\cmgrd\km-cmgr\Debug\CL.write.1.tlog
D:\linchuan\SC12\cmgrd\km-cmgr\Debug\km.exe
D:\linchuan\SC12\cmgrd\km-cmgr\Debug\km.exe.embed.manifest
D:\linchuan\SC12\cmgrd\km-cmgr\Debug\km.exe.embed.manifest.res
D:\linchuan\SC12\cmgrd\km-cmgr\Debug\km.exe.intermediate.manifest
D:\linchuan\SC12\cmgrd\km-cmgr\Debug\km.ilk
D:\linchuan\SC12\cmgrd\km-cmgr\Debug\km.pdb
D:\linchuan\SC12\cmgrd\km-cmgr\Debug\km.write.1.tlog
D:\linchuan\SC12\cmgrd\km-cmgr\Debug\km_manifest.rc
D:\linchuan\SC12\cmgrd\km-cmgr\Debug\link.5776.read.1.tlog
D:\linchuan\SC12\cmgrd\km-cmgr\Debug\link.5776.write.1.tlog
D:\linchuan\SC12\cmgrd\km-cmgr\Debug\link.5776-cvtres.read.1.tlog
D:\linchuan\SC12\cmgrd\km-cmgr\Debug\link.5776-cvtres.write.1.tlog
D:\linchuan\SC12\cmgrd\km-cmgr\Debug\link.command.1.tlog
D:\linchuan\SC12\cmgrd\km-cmgr\Debug\link.read.1.tlog
D:\linchuan\SC12\cmgrd\km-cmgr\Debug\link.write.1.tlog
D:\linchuan\SC12\cmgrd\km-cmgr\Debug\link-cvtres.read.1.tlog
D:\linchuan\SC12\cmgrd\km-cmgr\Debug\link-cvtres.write.1.tlog
D:\linchuan\SC12\cmgrd\km-cmgr\Debug\main.obj
D:\linchuan\SC12\cmgrd\km-cmgr\Debug\mt.command.1.tlog
D:\linchuan\SC12\cmgrd\km-cmgr\Debug\mt.read.1.tlog
D:\linchuan\SC12\cmgrd\km-cmgr\Debug\mt.write.1.tlog
D:\linchuan\SC12\cmgrd\km-cmgr\Debug\rc.command.1.tlog
D:\linchuan\SC12\cmgrd\km-cmgr\Debug\rc.read.1.tlog
D:\linchuan\SC12\cmgrd\km-cmgr\Debug\rc.write.1.tlog
D:\linchuan\SC12\cmgrd\km-cmgr\Debug\rog.obj
D:\linchuan\SC12\cmgrd\km-cmgr\Debug\rol.obj
D:\linchuan\SC12\cmgrd\km-cmgr\Debug\scheduler.obj
D:\linchuan\SC12\cmgrd\km-cmgr\Debug\vc100.pdb
