D:\linchuan\SC12\map-dividing\mm_factoring\Debug\cl.command.1.tlog
D:\linchuan\SC12\map-dividing\mm_factoring\Debug\CL.read.1.tlog
D:\linchuan\SC12\map-dividing\mm_factoring\Debug\CL.write.1.tlog
D:\linchuan\SC12\map-dividing\mm_factoring\Debug\link.4320.read.1.tlog
D:\linchuan\SC12\map-dividing\mm_factoring\Debug\link.4320.write.1.tlog
D:\linchuan\SC12\map-dividing\mm_factoring\Debug\link.4320-cvtres.read.1.tlog
D:\linchuan\SC12\map-dividing\mm_factoring\Debug\link.4320-cvtres.write.1.tlog
D:\linchuan\SC12\map-dividing\mm_factoring\Debug\link.command.1.tlog
D:\linchuan\SC12\map-dividing\mm_factoring\Debug\link.read.1.tlog
D:\linchuan\SC12\map-dividing\mm_factoring\Debug\link.write.1.tlog
D:\linchuan\SC12\map-dividing\mm_factoring\Debug\link-cvtres.read.1.tlog
D:\linchuan\SC12\map-dividing\mm_factoring\Debug\link-cvtres.write.1.tlog
D:\LINCHUAN\SC12\MAP-DIVIDING\MM_FACTORING\DEBUG\MAIN.OBJ
D:\LINCHUAN\SC12\MAP-DIVIDING\MM_FACTORING\DEBUG\MM-CG.EXE
D:\LINCHUAN\SC12\MAP-DIVIDING\MM_FACTORING\DEBUG\MM-CG.EXE.EMBED.MANIFEST
D:\LINCHUAN\SC12\MAP-DIVIDING\MM_FACTORING\DEBUG\MM-CG.EXE.EMBED.MANIFEST.RES
D:\LINCHUAN\SC12\MAP-DIVIDING\MM_FACTORING\DEBUG\MM-CG.EXE.INTERMEDIATE.MANIFEST
D:\LINCHUAN\SC12\MAP-DIVIDING\MM_FACTORING\DEBUG\MM-CG.ILK
D:\LINCHUAN\SC12\MAP-DIVIDING\MM_FACTORING\DEBUG\MM-CG.PDB
D:\linchuan\SC12\map-dividing\mm_factoring\Debug\mm-cg.write.1.tlog
D:\linchuan\SC12\map-dividing\mm_factoring\Debug\mm-cg_manifest.rc
D:\linchuan\SC12\map-dividing\mm_factoring\Debug\mt.command.1.tlog
D:\linchuan\SC12\map-dividing\mm_factoring\Debug\mt.read.1.tlog
D:\linchuan\SC12\map-dividing\mm_factoring\Debug\mt.write.1.tlog
D:\linchuan\SC12\map-dividing\mm_factoring\Debug\rc.command.1.tlog
D:\linchuan\SC12\map-dividing\mm_factoring\Debug\rc.read.1.tlog
D:\linchuan\SC12\map-dividing\mm_factoring\Debug\rc.write.1.tlog
D:\LINCHUAN\SC12\MAP-DIVIDING\MM_FACTORING\DEBUG\ROG.OBJ
D:\LINCHUAN\SC12\MAP-DIVIDING\MM_FACTORING\DEBUG\ROL.OBJ
D:\LINCHUAN\SC12\MAP-DIVIDING\MM_FACTORING\DEBUG\SCHEDULER.OBJ
D:\LINCHUAN\SC12\MAP-DIVIDING\MM_FACTORING\DEBUG\VC100.PDB
