D:\linchuan\Word Count\wc_factoring\Debug\cl.command.1.tlog
D:\linchuan\Word Count\wc_factoring\Debug\CL.read.1.tlog
D:\linchuan\Word Count\wc_factoring\Debug\CL.write.1.tlog
D:\linchuan\Word Count\wc_factoring\Debug\link.2964.read.1.tlog
D:\linchuan\Word Count\wc_factoring\Debug\link.2964.write.1.tlog
D:\linchuan\Word Count\wc_factoring\Debug\link.2964-cvtres.read.1.tlog
D:\linchuan\Word Count\wc_factoring\Debug\link.2964-cvtres.write.1.tlog
D:\linchuan\Word Count\wc_factoring\Debug\link.command.1.tlog
D:\linchuan\Word Count\wc_factoring\Debug\link.read.1.tlog
D:\linchuan\Word Count\wc_factoring\Debug\link.write.1.tlog
D:\linchuan\Word Count\wc_factoring\Debug\link-cvtres.read.1.tlog
D:\linchuan\Word Count\wc_factoring\Debug\link-cvtres.write.1.tlog
D:\LINCHUAN\WORD COUNT\WC_FACTORING\DEBUG\MAIN.OBJ
D:\linchuan\Word Count\wc_factoring\Debug\mt.command.1.tlog
D:\linchuan\Word Count\wc_factoring\Debug\mt.read.1.tlog
D:\linchuan\Word Count\wc_factoring\Debug\mt.write.1.tlog
D:\linchuan\Word Count\wc_factoring\Debug\rc.command.1.tlog
D:\linchuan\Word Count\wc_factoring\Debug\rc.read.1.tlog
D:\linchuan\Word Count\wc_factoring\Debug\rc.write.1.tlog
D:\LINCHUAN\WORD COUNT\WC_FACTORING\DEBUG\ROG.OBJ
D:\LINCHUAN\WORD COUNT\WC_FACTORING\DEBUG\ROL.OBJ
D:\LINCHUAN\WORD COUNT\WC_FACTORING\DEBUG\SCHEDULER.OBJ
D:\LINCHUAN\WORD COUNT\WC_FACTORING\DEBUG\VC100.PDB
D:\LINCHUAN\WORD COUNT\WC_FACTORING\DEBUG\WC-CG.EXE
D:\LINCHUAN\WORD COUNT\WC_FACTORING\DEBUG\WC-CG.EXE.EMBED.MANIFEST
D:\LINCHUAN\WORD COUNT\WC_FACTORING\DEBUG\WC-CG.EXE.EMBED.MANIFEST.RES
D:\LINCHUAN\WORD COUNT\WC_FACTORING\DEBUG\WC-CG.EXE.INTERMEDIATE.MANIFEST
D:\LINCHUAN\WORD COUNT\WC_FACTORING\DEBUG\WC-CG.ILK
D:\LINCHUAN\WORD COUNT\WC_FACTORING\DEBUG\WC-CG.PDB
D:\linchuan\Word Count\wc_factoring\Debug\wc-cg.write.1.tlog
D:\linchuan\Word Count\wc_factoring\Debug\wc-cg_manifest.rc
