D:\linchuan\auto-tuning\KMeans\km_factoring\Debug\cl.command.1.tlog
D:\linchuan\auto-tuning\KMeans\km_factoring\Debug\CL.read.1.tlog
D:\linchuan\auto-tuning\KMeans\km_factoring\Debug\CL.write.1.tlog
D:\LINCHUAN\AUTO-TUNING\KMEANS\KM_FACTORING\DEBUG\KM.EXE
D:\LINCHUAN\AUTO-TUNING\KMEANS\KM_FACTORING\DEBUG\KM.EXE.EMBED.MANIFEST
D:\LINCHUAN\AUTO-TUNING\KMEANS\KM_FACTORING\DEBUG\KM.EXE.EMBED.MANIFEST.RES
D:\LINCHUAN\AUTO-TUNING\KMEANS\KM_FACTORING\DEBUG\KM.EXE.INTERMEDIATE.MANIFEST
D:\LINCHUAN\AUTO-TUNING\KMEANS\KM_FACTORING\DEBUG\KM.ILK
D:\LINCHUAN\AUTO-TUNING\KMEANS\KM_FACTORING\DEBUG\KM.PDB
D:\linchuan\auto-tuning\KMeans\km_factoring\Debug\km.write.1.tlog
D:\linchuan\auto-tuning\KMeans\km_factoring\Debug\km_manifest.rc
D:\linchuan\auto-tuning\KMeans\km_factoring\Debug\link.4944.read.1.tlog
D:\linchuan\auto-tuning\KMeans\km_factoring\Debug\link.4944.write.1.tlog
D:\linchuan\auto-tuning\KMeans\km_factoring\Debug\link.4944-cvtres.read.1.tlog
D:\linchuan\auto-tuning\KMeans\km_factoring\Debug\link.4944-cvtres.write.1.tlog
D:\linchuan\auto-tuning\KMeans\km_factoring\Debug\link.732.read.1.tlog
D:\linchuan\auto-tuning\KMeans\km_factoring\Debug\link.732.write.1.tlog
D:\linchuan\auto-tuning\KMeans\km_factoring\Debug\link.732-cvtres.read.1.tlog
D:\linchuan\auto-tuning\KMeans\km_factoring\Debug\link.732-cvtres.write.1.tlog
D:\linchuan\auto-tuning\KMeans\km_factoring\Debug\link.command.1.tlog
D:\linchuan\auto-tuning\KMeans\km_factoring\Debug\link.read.1.tlog
D:\linchuan\auto-tuning\KMeans\km_factoring\Debug\link.write.1.tlog
D:\linchuan\auto-tuning\KMeans\km_factoring\Debug\link-cvtres.read.1.tlog
D:\linchuan\auto-tuning\KMeans\km_factoring\Debug\link-cvtres.write.1.tlog
D:\LINCHUAN\AUTO-TUNING\KMEANS\KM_FACTORING\DEBUG\MAIN.OBJ
D:\linchuan\auto-tuning\KMeans\km_factoring\Debug\mt.command.1.tlog
D:\linchuan\auto-tuning\KMeans\km_factoring\Debug\mt.read.1.tlog
D:\linchuan\auto-tuning\KMeans\km_factoring\Debug\mt.write.1.tlog
D:\linchuan\auto-tuning\KMeans\km_factoring\Debug\rc.command.1.tlog
D:\linchuan\auto-tuning\KMeans\km_factoring\Debug\rc.read.1.tlog
D:\linchuan\auto-tuning\KMeans\km_factoring\Debug\rc.write.1.tlog
D:\LINCHUAN\AUTO-TUNING\KMEANS\KM_FACTORING\DEBUG\ROG.OBJ
D:\LINCHUAN\AUTO-TUNING\KMEANS\KM_FACTORING\DEBUG\ROL.OBJ
D:\LINCHUAN\AUTO-TUNING\KMEANS\KM_FACTORING\DEBUG\SCHEDULER.OBJ
D:\LINCHUAN\AUTO-TUNING\KMEANS\KM_FACTORING\DEBUG\VC100.PDB
