D:\linchuan\Word Count\wc\Debug\cl.command.1.tlog
D:\linchuan\Word Count\wc\Debug\CL.read.1.tlog
D:\linchuan\Word Count\wc\Debug\CL.write.1.tlog
D:\LINCHUAN\WORD COUNT\WC\DEBUG\KM.EXE
D:\LINCHUAN\WORD COUNT\WC\DEBUG\KM.EXE.EMBED.MANIFEST
D:\LINCHUAN\WORD COUNT\WC\DEBUG\KM.EXE.EMBED.MANIFEST.RES
D:\LINCHUAN\WORD COUNT\WC\DEBUG\KM.EXE.INTERMEDIATE.MANIFEST
D:\LINCHUAN\WORD COUNT\WC\DEBUG\KM.ILK
D:\LINCHUAN\WORD COUNT\WC\DEBUG\KM.PDB
D:\linchuan\Word Count\wc\Debug\km.write.1.tlog
D:\linchuan\Word Count\wc\Debug\km_manifest.rc
D:\linchuan\Word Count\wc\Debug\link.680.read.1.tlog
D:\linchuan\Word Count\wc\Debug\link.680.write.1.tlog
D:\linchuan\Word Count\wc\Debug\link.680-cvtres.read.1.tlog
D:\linchuan\Word Count\wc\Debug\link.680-cvtres.write.1.tlog
D:\linchuan\Word Count\wc\Debug\link.command.1.tlog
D:\linchuan\Word Count\wc\Debug\link.read.1.tlog
D:\linchuan\Word Count\wc\Debug\link.write.1.tlog
D:\linchuan\Word Count\wc\Debug\link-cvtres.read.1.tlog
D:\linchuan\Word Count\wc\Debug\link-cvtres.write.1.tlog
D:\LINCHUAN\WORD COUNT\WC\DEBUG\MAIN.OBJ
D:\linchuan\Word Count\wc\Debug\mt.command.1.tlog
D:\linchuan\Word Count\wc\Debug\mt.read.1.tlog
D:\linchuan\Word Count\wc\Debug\mt.write.1.tlog
D:\linchuan\Word Count\wc\Debug\rc.command.1.tlog
D:\linchuan\Word Count\wc\Debug\rc.read.1.tlog
D:\linchuan\Word Count\wc\Debug\rc.write.1.tlog
D:\LINCHUAN\WORD COUNT\WC\DEBUG\ROG.OBJ
D:\LINCHUAN\WORD COUNT\WC\DEBUG\ROL.OBJ
D:\LINCHUAN\WORD COUNT\WC\DEBUG\SCHEDULER.OBJ
D:\LINCHUAN\WORD COUNT\WC\DEBUG\VC100.PDB
