D:\linchuan\Naive Bayes\nbc\Debug\cl.command.1.tlog
D:\linchuan\Naive Bayes\nbc\Debug\CL.read.1.tlog
D:\linchuan\Naive Bayes\nbc\Debug\CL.write.1.tlog
D:\linchuan\Naive Bayes\nbc\Debug\link.2532.read.1.tlog
D:\linchuan\Naive Bayes\nbc\Debug\link.2532.write.1.tlog
D:\linchuan\Naive Bayes\nbc\Debug\link.2532-cvtres.read.1.tlog
D:\linchuan\Naive Bayes\nbc\Debug\link.2532-cvtres.write.1.tlog
D:\linchuan\Naive Bayes\nbc\Debug\link.2748.read.1.tlog
D:\linchuan\Naive Bayes\nbc\Debug\link.2748.write.1.tlog
D:\linchuan\Naive Bayes\nbc\Debug\link.2748-cvtres.read.1.tlog
D:\linchuan\Naive Bayes\nbc\Debug\link.2748-cvtres.write.1.tlog
D:\linchuan\Naive Bayes\nbc\Debug\link.command.1.tlog
D:\linchuan\Naive Bayes\nbc\Debug\link.read.1.tlog
D:\linchuan\Naive Bayes\nbc\Debug\link.write.1.tlog
D:\linchuan\Naive Bayes\nbc\Debug\link-cvtres.read.1.tlog
D:\linchuan\Naive Bayes\nbc\Debug\link-cvtres.write.1.tlog
D:\LINCHUAN\NAIVE BAYES\NBC\DEBUG\MAIN.OBJ
D:\linchuan\Naive Bayes\nbc\Debug\mt.command.1.tlog
D:\linchuan\Naive Bayes\nbc\Debug\mt.read.1.tlog
D:\linchuan\Naive Bayes\nbc\Debug\mt.write.1.tlog
D:\LINCHUAN\NAIVE BAYES\NBC\DEBUG\NBC.EXE
D:\LINCHUAN\NAIVE BAYES\NBC\DEBUG\NBC.EXE.EMBED.MANIFEST
D:\LINCHUAN\NAIVE BAYES\NBC\DEBUG\NBC.EXE.EMBED.MANIFEST.RES
D:\LINCHUAN\NAIVE BAYES\NBC\DEBUG\NBC.EXE.INTERMEDIATE.MANIFEST
D:\LINCHUAN\NAIVE BAYES\NBC\DEBUG\NBC.ILK
D:\LINCHUAN\NAIVE BAYES\NBC\DEBUG\NBC.PDB
D:\linchuan\Naive Bayes\nbc\Debug\nbc.write.1.tlog
D:\linchuan\Naive Bayes\nbc\Debug\nbc_manifest.rc
D:\linchuan\Naive Bayes\nbc\Debug\rc.command.1.tlog
D:\linchuan\Naive Bayes\nbc\Debug\rc.read.1.tlog
D:\linchuan\Naive Bayes\nbc\Debug\rc.write.1.tlog
D:\LINCHUAN\NAIVE BAYES\NBC\DEBUG\ROG.OBJ
D:\LINCHUAN\NAIVE BAYES\NBC\DEBUG\ROL.OBJ
D:\LINCHUAN\NAIVE BAYES\NBC\DEBUG\SCHEDULER.OBJ
D:\LINCHUAN\NAIVE BAYES\NBC\DEBUG\VC100.PDB
